[JB0TS] Autopilot started at Sat Jun 14 19:02:22 UTC 2025
[main 5b918c4] [JB0TS] Auto-commit on 2025-06-14 19:02:22
 Author: gitupdates <50274075+gitupdates@users.noreply.github.com>
 2 files changed, 28 insertions(+)
 create mode 100644 .jb0ts_autopilot.log
 create mode 100755 scripts/jb0ts_autopilot.sh
error: cannot pull with rebase: You have unstaged changes.
error: Please commit or stash them.
To https://github.com/gitupdates/SPEC-1
   a17db89..5b918c4  main -> main
[JB0TS] Auto-commit on 2025-06-14 19:02:22 :: Changes committed and pushed.
[main b7953e2] [JB0TS] Auto-commit on 2025-06-14 19:02:53
 Author: gitupdates <50274075+gitupdates@users.noreply.github.com>
 1 file changed, 10 insertions(+)
error: cannot pull with rebase: You have unstaged changes.
error: Please commit or stash them.
To https://github.com/gitupdates/SPEC-1
   5b918c4..b7953e2  main -> main
[JB0TS] Auto-commit on 2025-06-14 19:02:53 :: Changes committed and pushed.
[main 0ce3122] [JB0TS] Auto-commit on 2025-06-14 19:03:24
 Author: gitupdates <50274075+gitupdates@users.noreply.github.com>
 1 file changed, 8 insertions(+)
error: cannot pull with rebase: You have unstaged changes.
error: Please commit or stash them.
To https://github.com/gitupdates/SPEC-1
   b7953e2..0ce3122  main -> main
[JB0TS] Auto-commit on 2025-06-14 19:03:24 :: Changes committed and pushed.
[JB0TS] Autopilot started at Sat Jun 14 19:03:33 UTC 2025
[main 0e2df5e] [JB0TS] Auto-commit on 2025-06-14 19:03:33
 Author: gitupdates <50274075+gitupdates@users.noreply.github.com>
 1 file changed, 9 insertions(+)
error: cannot pull with rebase: You have unstaged changes.
error: Please commit or stash them.
To https://github.com/gitupdates/SPEC-1
   0ce3122..0e2df5e  main -> main
[JB0TS] Auto-commit on 2025-06-14 19:03:33 :: Changes committed and pushed.
[JB0TS] Autopilot started at Sat Jun 14 19:03:36 UTC 2025
[main 0e8c6b4] [JB0TS] Auto-commit on 2025-06-14 19:03:36
 Author: gitupdates <50274075+gitupdates@users.noreply.github.com>
 1 file changed, 9 insertions(+)
error: cannot pull with rebase: You have unstaged changes.
error: Please commit or stash them.
To https://github.com/gitupdates/SPEC-1
   0e2df5e..0e8c6b4  main -> main
[JB0TS] Auto-commit on 2025-06-14 19:03:36 :: Changes committed and pushed.
[main f220cd9] [JB0TS] Auto-commit on 2025-06-14 19:04:04
 Author: gitupdates <50274075+gitupdates@users.noreply.github.com>
 1 file changed, 8 insertions(+)
error: cannot pull with rebase: You have unstaged changes.
error: Please commit or stash them.
To https://github.com/gitupdates/SPEC-1
   0e8c6b4..f220cd9  main -> main
[JB0TS] Auto-commit on 2025-06-14 19:04:04 :: Changes committed and pushed.
[main cfd901b] [JB0TS] Auto-commit on 2025-06-14 19:04:07
 Author: gitupdates <50274075+gitupdates@users.noreply.github.com>
 1 file changed, 8 insertions(+)
error: cannot pull with rebase: You have unstaged changes.
error: Please commit or stash them.
To https://github.com/gitupdates/SPEC-1
   f220cd9..cfd901b  main -> main
[JB0TS] Auto-commit on 2025-06-14 19:04:07 :: Changes committed and pushed.
