
[JB0TS] Commit Reflex Triggered at 2025-06-14 19:29:58.730110
 - .jb0ts_autopilot.log

[JB0TS] Commit Reflex Triggered at 2025-06-14 19:30:01.338874
 - .jb0ts_autopilot.log
 - .jb0ts_commit_reflex.log

[JB0TS] Commit Reflex Triggered at 2025-06-14 19:30:02.928499
 - .jb0ts_autopilot.log
 - .jb0ts_commit_reflex.log

[JB0TS] Commit Reflex Triggered at 2025-06-14 19:30:09.842155
 - .jb0ts_autopilot.log
 - .jb0ts_commit_reflex.log

[JB0TS] Commit Reflex Triggered at 2025-06-14 19:30:12.020929
 - .jb0ts_autopilot.log
 - .jb0ts_commit_reflex.log

[JB0TS] Commit Reflex Triggered at 2025-06-14 19:30:12.543980
 - .jb0ts_autopilot.log
 - .jb0ts_commit_reflex.log

[JB0TS] Commit Reflex Triggered at 2025-06-14 19:30:29.160259
 - .jb0ts_autopilot.log
 - .jb0ts_commit_reflex.log

[JB0TS] Commit Reflex Triggered at 2025-06-14 19:30:30.337211
 - .jb0ts_autopilot.log
 - .jb0ts_commit_reflex.log

[JB0TS] Commit Reflex Triggered at 2025-06-14 19:30:32.947964
 - .jb0ts_autopilot.log
 - .jb0ts_commit_reflex.log

[JB0TS] Commit Reflex Triggered at 2025-06-14 19:30:34.356832
 - .jb0ts_autopilot.log
 - .jb0ts_commit_reflex.log

[JB0TS] Commit Reflex Triggered at 2025-06-14 19:30:41.254053
 - .jb0ts_autopilot.log
 - .jb0ts_commit_reflex.log

[JB0TS] Commit Reflex Triggered at 2025-06-14 19:30:43.480601
 - .jb0ts_autopilot.log
 - .jb0ts_commit_reflex.log

[JB0TS] Commit Reflex Triggered at 2025-06-14 19:30:43.680503
 - .jb0ts_autopilot.log
 - .jb0ts_commit_reflex.log

[JB0TS] Commit Reflex Triggered at 2025-06-14 19:31:00.573675
 - .jb0ts_autopilot.log
 - .jb0ts_commit_reflex.log

[JB0TS] Commit Reflex Triggered at 2025-06-14 19:31:01.729671
 - .jb0ts_autopilot.log
 - .jb0ts_commit_reflex.log

[JB0TS] Commit Reflex Triggered at 2025-06-14 19:31:04.368147
 - .jb0ts_autopilot.log
 - .jb0ts_commit_reflex.log

[JB0TS] Commit Reflex Triggered at 2025-06-14 19:31:05.785285
 - .jb0ts_autopilot.log
 - .jb0ts_commit_reflex.log

[JB0TS] Commit Reflex Triggered at 2025-06-14 19:31:12.633846
 - .jb0ts_autopilot.log
 - .jb0ts_commit_reflex.log

[JB0TS] Commit Reflex Triggered at 2025-06-14 19:31:14.974868
 - .jb0ts_autopilot.log
 - .jb0ts_commit_reflex.log

[JB0TS] Commit Reflex Triggered at 2025-06-14 19:31:15.183912
 - .jb0ts_autopilot.log
 - .jb0ts_commit_reflex.log

[JB0TS] Commit Reflex Triggered at 2025-06-14 19:31:32.003836
 - .jb0ts_autopilot.log
 - .jb0ts_commit_reflex.log

[JB0TS] Commit Reflex Triggered at 2025-06-14 19:31:33.188841
 - .jb0ts_autopilot.log
 - .jb0ts_commit_reflex.log

[JB0TS] Commit Reflex Triggered at 2025-06-14 19:31:35.790620
 - .jb0ts_autopilot.log
 - .jb0ts_commit_reflex.log

[JB0TS] Commit Reflex Triggered at 2025-06-14 19:31:37.141639
 - .jb0ts_autopilot.log
 - .jb0ts_commit_reflex.log

[JB0TS] Commit Reflex Triggered at 2025-06-14 19:31:43.996109
 - .jb0ts_autopilot.log
 - .jb0ts_commit_reflex.log

[JB0TS] Commit Reflex Triggered at 2025-06-14 19:31:46.783080
 - .jb0ts_autopilot.log
 - .jb0ts_commit_reflex.log

[JB0TS] Commit Reflex Triggered at 2025-06-14 19:31:46.963287
 - .jb0ts_autopilot.log
 - .jb0ts_commit_reflex.log

[JB0TS] Commit Reflex Triggered at 2025-06-14 19:32:03.457556
 - .jb0ts_autopilot.log
 - .jb0ts_commit_reflex.log
 - .reflex_journal
 - scripts/__pycache__/on_commit_reflex.cpython-312.pyc

[JB0TS] Commit Reflex Triggered at 2025-06-14 19:32:04.545535
 - .jb0ts_autopilot.log
 - .jb0ts_commit_reflex.log

[JB0TS] Commit Reflex Triggered at 2025-06-14 19:32:07.207763
 - .jb0ts_autopilot.log
 - .jb0ts_commit_reflex.log

[JB0TS] Commit Reflex Triggered at 2025-06-14 19:32:08.500482
 - .jb0ts_autopilot.log
 - .jb0ts_commit_reflex.log
